Running: F:\ise\14.7\ISE_DS\ISE\bin\nt64\unwrapped\fuse.exe -intstyle ise -incremental -lib secureip -o F:/Users/hit_lzp/Desktop/jizu/4-1/Memery/top_isim_beh.exe -prj F:/Users/hit_lzp/Desktop/jizu/4-1/Memery/top_beh.prj work.top 
ISim P.20131013 (signature 0x7708f090)
Number of CPUs detected in this system: 4
Turning on mult-threading, number of parallel sub-compilation jobs: 8 
Determining compilation order of HDL files
Parsing VHDL file "F:/Users/hit_lzp/Desktop/jizu/4-1/Memery/Memery.vhd" into library work
Parsing VHDL file "F:/Users/hit_lzp/Desktop/jizu/4-1/Memery/top.vhd" into library work
Starting static elaboration
Completed static elaboration
Compiling package standard
Compiling package std_logic_1164
Compiling package std_logic_arith
Compiling package std_logic_unsigned
Compiling architecture behavioral of entity Ram [ram_default]
Compiling architecture behavior of entity top
Time Resolution for simulation is 1ps.
Waiting for 1 sub-compilation(s) to finish...
Compiled 7 VHDL Units
Built simulation executable F:/Users/hit_lzp/Desktop/jizu/4-1/Memery/top_isim_beh.exe
Fuse Memory Usage: 34100 KB
Fuse CPU Usage: 483 ms
